        -:    0:Source:/mnt/d/OOP_laboratoare/Lab-8-9/OfertaTeste.cpp
        -:    0:Graph:/mnt/d/OOP_laboratoare/Lab-8-9/cmake-build-debug-coverage/CMakeFiles/Lab_8_9.dir/OfertaTeste.cpp.gcno
        -:    0:Data:/mnt/d/OOP_laboratoare/Lab-8-9/cmake-build-debug-coverage/CMakeFiles/Lab_8_9.dir/OfertaTeste.cpp.gcda
        -:    0:Runs:1
        -:    1:#pragma once
        -:    2:#include "OfertaTeste.h"
        -:    3:
function _Z10testOfertav called 1 returned 100% blocks executed 56%
        1:    4:void testOferta() {
        2:    5:    Oferta OfertaNoua("denumire", "dest", "tip", 100);
        1:    5-block  0
call    0 returned 1
call    1 returned 1
branch  2 taken 1 (fallthrough)
branch  3 taken 0 (throw)
        1:    5-block  1
call    4 returned 1
call    5 returned 1
branch  6 taken 1 (fallthrough)
branch  7 taken 0 (throw)
        1:    5-block  2
call    8 returned 1
call    9 returned 1
branch 10 taken 1 (fallthrough)
branch 11 taken 0 (throw)
        1:    5-block  3
call   12 returned 1
branch 13 taken 1 (fallthrough)
branch 14 taken 0 (throw)
call   15 returned 1
call   16 returned 1
call   17 returned 1
call   18 returned 1
call   19 returned 1
    $$$$$:    5-block  4
    $$$$$:    5-block  5
    $$$$$:    5-block  6
    $$$$$:    5-block  7
    $$$$$:    5-block  8
    $$$$$:    5-block  9
        -:    6:
       1*:    7:    assert(OfertaNoua.getDenumire() == "denumire");
call    0 returned 1
branch  1 taken 1 (fallthrough)
branch  2 taken 0 (throw)
        1:    7-block  0
call    3 returned 1
branch  4 taken 0 (fallthrough)
branch  5 taken 1
    %%%%%:    7-block  1
call    6 never executed
        1:    7-block  2
call    7 returned 1
       1*:    8:    assert(OfertaNoua.getDestinatie() == "dest");
call    0 returned 1
branch  1 taken 1 (fallthrough)
branch  2 taken 0 (throw)
        1:    8-block  0
call    3 returned 1
branch  4 taken 0 (fallthrough)
branch  5 taken 1
    %%%%%:    8-block  1
call    6 never executed
        1:    8-block  2
call    7 returned 1
       1*:    9:    assert(OfertaNoua.getTip() == "tip");
call    0 returned 1
branch  1 taken 1 (fallthrough)
branch  2 taken 0 (throw)
        1:    9-block  0
call    3 returned 1
branch  4 taken 0 (fallthrough)
branch  5 taken 1
    %%%%%:    9-block  1
call    6 never executed
        1:    9-block  2
call    7 returned 1
       1*:   10:    assert(OfertaNoua.getPret() == 100);
call    0 returned 1
branch  1 taken 0 (fallthrough)
branch  2 taken 1
    %%%%%:   10-block  0
call    3 never executed
        1:   11:}
        1:   11-block  0
call    0 returned 1
    $$$$$:   11-block  1
call    1 never executed
