        -:    0:Source:/mnt/d/OOP_laboratoare/Lab-8-9/RepoTeste.cpp
        -:    0:Graph:/mnt/d/OOP_laboratoare/Lab-8-9/cmake-build-debug-coverage/CMakeFiles/Lab_8_9.dir/RepoTeste.cpp.gcno
        -:    0:Data:/mnt/d/OOP_laboratoare/Lab-8-9/cmake-build-debug-coverage/CMakeFiles/Lab_8_9.dir/RepoTeste.cpp.gcda
        -:    0:Runs:1
        -:    1:#include "RepoTeste.h"
        -:    2:
function _Z17testAddOfertaRepov called 1 returned 100% blocks executed 57%
        1:    3:void testAddOfertaRepo() {
        1:    4:    OfertaRepo all;
        1:    4-block  0
call    0 returned 1
        -:    5:
        1:    6:    all.addOferta(Oferta("denumire0", "dest0", "tip0", 100));
call    0 returned 1
call    1 returned 1
branch  2 taken 1 (fallthrough)
branch  3 taken 0 (throw)
        1:    6-block  0
call    4 returned 1
call    5 returned 1
branch  6 taken 1 (fallthrough)
branch  7 taken 0 (throw)
        1:    6-block  1
call    8 returned 1
call    9 returned 1
branch 10 taken 1 (fallthrough)
branch 11 taken 0 (throw)
        1:    6-block  2
call   12 returned 1
branch 13 taken 1 (fallthrough)
branch 14 taken 0 (throw)
        1:    6-block  3
call   15 returned 1
branch 16 taken 1 (fallthrough)
branch 17 taken 0 (throw)
        1:    6-block  4
call   18 returned 1
call   19 returned 1
call   20 returned 1
call   21 returned 1
call   22 returned 1
call   23 returned 1
call   24 returned 1
    $$$$$:    6-block  5
call   25 never executed
    $$$$$:    6-block  6
    $$$$$:    6-block  7
call   26 never executed
    $$$$$:    6-block  8
    $$$$$:    6-block  9
call   27 never executed
    $$$$$:    6-block 10
    $$$$$:    6-block 11
call   28 never executed
    $$$$$:    6-block 12
    $$$$$:    6-block 13
call   29 never executed
    $$$$$:    6-block 14
    $$$$$:    6-block 15
call   30 never executed
    $$$$$:    6-block 16
    $$$$$:    6-block 17
call   31 never executed
    $$$$$:    6-block 18
       1*:    7:    assert(all.getAll().size() == 1);
call    0 returned 1
call    1 returned 1
branch  2 taken 0 (fallthrough)
branch  3 taken 1
    %%%%%:    7-block  0
call    4 never executed
        -:    8:    try {
       8*:    9:        all.addOferta(Oferta("denumire0", "dest1", "tip1", 100)); assert(false);
        1:    9-block  0
call    0 returned 1
call    1 returned 1
branch  2 taken 1 (fallthrough)
branch  3 taken 0 (throw)
        1:    9-block  1
call    4 returned 1
call    5 returned 1
branch  6 taken 1 (fallthrough)
branch  7 taken 0 (throw)
        1:    9-block  2
call    8 returned 1
call    9 returned 1
branch 10 taken 1 (fallthrough)
branch 11 taken 0 (throw)
        1:    9-block  3
call   12 returned 1
branch 13 taken 1 (fallthrough)
branch 14 taken 0 (throw)
        1:    9-block  4
call   15 returned 1
branch 16 taken 0 (fallthrough)
branch 17 taken 1 (throw)
    %%%%%:    9-block  5
call   18 never executed
call   19 never executed
call   20 never executed
call   21 never executed
call   22 never executed
call   23 never executed
call   24 never executed
call   25 never executed
        1:    9-block  6
call   26 returned 1
        1:    9-block  7
        1:    9-block  8
call   27 returned 1
        1:    9-block  9
        1:    9-block 10
call   28 returned 1
        1:    9-block 11
        1:    9-block 12
call   29 returned 1
        1:    9-block 13
        1:    9-block 14
call   30 returned 1
        1:    9-block 15
        1:    9-block 16
call   31 returned 1
        1:    9-block 17
        1:    9-block 18
call   32 returned 1
        1:    9-block 19
        -:   10:    }
        1:   11:    catch (OfertaRepoException e){
        1:   11-block  0
branch  0 taken 0 (fallthrough)
branch  1 taken 1
        1:   11-block  1
call    2 returned 1
call    3 returned 1
        -:   12:        assert(true);
        1:   13:    }
call    0 returned 1
call    1 returned 1
branch  2 taken 1 (fallthrough)
branch  3 taken 0 (throw)
        1:   14:    all.addOferta(Oferta("denumire1", "dest1", "tip1", 100));
        1:   14-block  0
call    0 returned 1
call    1 returned 1
branch  2 taken 1 (fallthrough)
branch  3 taken 0 (throw)
        1:   14-block  1
call    4 returned 1
call    5 returned 1
branch  6 taken 1 (fallthrough)
branch  7 taken 0 (throw)
        1:   14-block  2
call    8 returned 1
branch  9 taken 1 (fallthrough)
branch 10 taken 0 (throw)
        1:   14-block  3
call   11 returned 1
branch 12 taken 1 (fallthrough)
branch 13 taken 0 (throw)
        1:   14-block  4
call   14 returned 1
call   15 returned 1
call   16 returned 1
call   17 returned 1
call   18 returned 1
call   19 returned 1
call   20 returned 1
        1:   14-block  5
call   21 returned 1
call   22 returned 1
branch 23 taken 1 (fallthrough)
branch 24 taken 0 (throw)
    $$$$$:   14-block  6
call   25 never executed
    $$$$$:   14-block  7
    $$$$$:   14-block  8
call   26 never executed
    $$$$$:   14-block  9
    $$$$$:   14-block 10
call   27 never executed
    $$$$$:   14-block 11
    $$$$$:   14-block 12
call   28 never executed
    $$$$$:   14-block 13
    $$$$$:   14-block 14
call   29 never executed
    $$$$$:   14-block 15
    $$$$$:   14-block 16
call   30 never executed
    $$$$$:   14-block 17
    $$$$$:   14-block 18
call   31 never executed
    $$$$$:   14-block 19
        1:   15:    assert(all.getAll().size() == 2);
call    0 returned 1
call    1 returned 1
branch  2 taken 0 (fallthrough)
branch  3 taken 1
    $$$$$:   15-block  0
call    4 never executed
        1:   16:}
        1:   16-block  0
call    0 returned 1
    $$$$$:   16-block  1
call    1 never executed
        -:   17:
function _Z17testPopOfertaRepov called 1 returned 100% blocks executed 53%
        1:   18:void testPopOfertaRepo() {
        1:   19:    OfertaRepo all;
        1:   19-block  0
call    0 returned 1
        -:   20:
        1:   21:    all.addOferta(Oferta("denumire0", "dest0", "tip0", 100));
call    0 returned 1
call    1 returned 1
branch  2 taken 1 (fallthrough)
branch  3 taken 0 (throw)
        1:   21-block  0
call    4 returned 1
call    5 returned 1
branch  6 taken 1 (fallthrough)
branch  7 taken 0 (throw)
        1:   21-block  1
call    8 returned 1
call    9 returned 1
branch 10 taken 1 (fallthrough)
branch 11 taken 0 (throw)
        1:   21-block  2
call   12 returned 1
branch 13 taken 1 (fallthrough)
branch 14 taken 0 (throw)
        1:   21-block  3
call   15 returned 1
branch 16 taken 1 (fallthrough)
branch 17 taken 0 (throw)
        1:   21-block  4
call   18 returned 1
call   19 returned 1
call   20 returned 1
call   21 returned 1
call   22 returned 1
call   23 returned 1
call   24 returned 1
    $$$$$:   21-block  5
call   25 never executed
    $$$$$:   21-block  6
    $$$$$:   21-block  7
call   26 never executed
    $$$$$:   21-block  8
    $$$$$:   21-block  9
call   27 never executed
    $$$$$:   21-block 10
    $$$$$:   21-block 11
call   28 never executed
    $$$$$:   21-block 12
    $$$$$:   21-block 13
call   29 never executed
    $$$$$:   21-block 14
    $$$$$:   21-block 15
call   30 never executed
    $$$$$:   21-block 16
    $$$$$:   21-block 17
call   31 never executed
    $$$$$:   21-block 18
        1:   22:    all.addOferta(Oferta("denumire1", "dest1", "tip1", 100));
call    0 returned 1
call    1 returned 1
branch  2 taken 1 (fallthrough)
branch  3 taken 0 (throw)
        1:   22-block  0
call    4 returned 1
call    5 returned 1
branch  6 taken 1 (fallthrough)
branch  7 taken 0 (throw)
        1:   22-block  1
call    8 returned 1
call    9 returned 1
branch 10 taken 1 (fallthrough)
branch 11 taken 0 (throw)
        1:   22-block  2
call   12 returned 1
branch 13 taken 1 (fallthrough)
branch 14 taken 0 (throw)
        1:   22-block  3
call   15 returned 1
branch 16 taken 1 (fallthrough)
branch 17 taken 0 (throw)
        1:   22-block  4
call   18 returned 1
call   19 returned 1
call   20 returned 1
call   21 returned 1
call   22 returned 1
call   23 returned 1
call   24 returned 1
    $$$$$:   22-block  5
call   25 never executed
    $$$$$:   22-block  6
    $$$$$:   22-block  7
call   26 never executed
    $$$$$:   22-block  8
    $$$$$:   22-block  9
call   27 never executed
    $$$$$:   22-block 10
    $$$$$:   22-block 11
call   28 never executed
    $$$$$:   22-block 12
    $$$$$:   22-block 13
call   29 never executed
    $$$$$:   22-block 14
    $$$$$:   22-block 15
call   30 never executed
    $$$$$:   22-block 16
    $$$$$:   22-block 17
call   31 never executed
    $$$$$:   22-block 18
        1:   23:    all.popOferta("denumire0");
call    0 returned 1
call    1 returned 1
branch  2 taken 1 (fallthrough)
branch  3 taken 0 (throw)
        1:   23-block  0
call    4 returned 1
branch  5 taken 1 (fallthrough)
branch  6 taken 0 (throw)
        1:   23-block  1
call    7 returned 1
call    8 returned 1
    $$$$$:   23-block  2
call    9 never executed
    $$$$$:   23-block  3
    $$$$$:   23-block  4
call   10 never executed
    $$$$$:   23-block  5
       1*:   24:    assert(all.getAll().size() == 1);
call    0 returned 1
call    1 returned 1
branch  2 taken 0 (fallthrough)
branch  3 taken 1
    %%%%%:   24-block  0
call    4 never executed
        -:   25:    try {
       3*:   26:        all.popOferta("denumire0"); assert(false);
        1:   26-block  0
call    0 returned 1
call    1 returned 1
branch  2 taken 1 (fallthrough)
branch  3 taken 0 (throw)
        1:   26-block  1
call    4 returned 1
branch  5 taken 0 (fallthrough)
branch  6 taken 1 (throw)
    %%%%%:   26-block  2
call    7 never executed
call    8 never executed
call    9 never executed
        1:   26-block  3
call   10 returned 1
        1:   26-block  4
        1:   26-block  5
call   11 returned 1
        1:   26-block  6
        -:   27:    }
        1:   28:    catch (OfertaRepoException e) {
        1:   28-block  0
branch  0 taken 0 (fallthrough)
branch  1 taken 1
        1:   28-block  1
call    2 returned 1
call    3 returned 1
        -:   29:        assert(true);
        1:   30:    }
call    0 returned 1
call    1 returned 1
        1:   31:    assert(all.getAll()[0].getDenumire() == "denumire1");
        1:   31-block  0
call    0 returned 1
branch  1 taken 0 (fallthrough)
branch  2 taken 1
    $$$$$:   31-block  1
call    3 never executed
        1:   31-block  2
call    4 returned 1
call    5 returned 1
call    6 returned 1
call    7 returned 1
branch  8 taken 1 (fallthrough)
branch  9 taken 0 (throw)
        1:   32:}
call    0 returned 1
    $$$$$:   32-block  0
call    1 never executed
        -:   33:
function _Z17testModOfertaRepov called 1 returned 100% blocks executed 58%
        1:   34:void testModOfertaRepo() {
        1:   35:    OfertaRepo all;
        1:   35-block  0
call    0 returned 1
        -:   36:
        1:   37:    all.addOferta(Oferta("denumire0", "dest0", "tip0", 100));
call    0 returned 1
call    1 returned 1
branch  2 taken 1 (fallthrough)
branch  3 taken 0 (throw)
        1:   37-block  0
call    4 returned 1
call    5 returned 1
branch  6 taken 1 (fallthrough)
branch  7 taken 0 (throw)
        1:   37-block  1
call    8 returned 1
call    9 returned 1
branch 10 taken 1 (fallthrough)
branch 11 taken 0 (throw)
        1:   37-block  2
call   12 returned 1
branch 13 taken 1 (fallthrough)
branch 14 taken 0 (throw)
        1:   37-block  3
call   15 returned 1
branch 16 taken 1 (fallthrough)
branch 17 taken 0 (throw)
        1:   37-block  4
call   18 returned 1
call   19 returned 1
call   20 returned 1
call   21 returned 1
call   22 returned 1
call   23 returned 1
call   24 returned 1
    $$$$$:   37-block  5
call   25 never executed
    $$$$$:   37-block  6
    $$$$$:   37-block  7
call   26 never executed
    $$$$$:   37-block  8
    $$$$$:   37-block  9
call   27 never executed
    $$$$$:   37-block 10
    $$$$$:   37-block 11
call   28 never executed
    $$$$$:   37-block 12
    $$$$$:   37-block 13
call   29 never executed
    $$$$$:   37-block 14
    $$$$$:   37-block 15
call   30 never executed
    $$$$$:   37-block 16
    $$$$$:   37-block 17
call   31 never executed
    $$$$$:   37-block 18
        1:   38:    all.addOferta(Oferta("denumire1", "dest1", "tip1", 100));
call    0 returned 1
call    1 returned 1
branch  2 taken 1 (fallthrough)
branch  3 taken 0 (throw)
        1:   38-block  0
call    4 returned 1
call    5 returned 1
branch  6 taken 1 (fallthrough)
branch  7 taken 0 (throw)
        1:   38-block  1
call    8 returned 1
call    9 returned 1
branch 10 taken 1 (fallthrough)
branch 11 taken 0 (throw)
        1:   38-block  2
call   12 returned 1
branch 13 taken 1 (fallthrough)
branch 14 taken 0 (throw)
        1:   38-block  3
call   15 returned 1
branch 16 taken 1 (fallthrough)
branch 17 taken 0 (throw)
        1:   38-block  4
call   18 returned 1
call   19 returned 1
call   20 returned 1
call   21 returned 1
call   22 returned 1
call   23 returned 1
call   24 returned 1
    $$$$$:   38-block  5
call   25 never executed
    $$$$$:   38-block  6
    $$$$$:   38-block  7
call   26 never executed
    $$$$$:   38-block  8
    $$$$$:   38-block  9
call   27 never executed
    $$$$$:   38-block 10
    $$$$$:   38-block 11
call   28 never executed
    $$$$$:   38-block 12
    $$$$$:   38-block 13
call   29 never executed
    $$$$$:   38-block 14
    $$$$$:   38-block 15
call   30 never executed
    $$$$$:   38-block 16
    $$$$$:   38-block 17
call   31 never executed
    $$$$$:   38-block 18
        1:   39:    all.modOferta("denumire1", Oferta("denumire1", "dest2", "tip2", 100));
call    0 returned 1
call    1 returned 1
branch  2 taken 1 (fallthrough)
branch  3 taken 0 (throw)
        1:   39-block  0
call    4 returned 1
call    5 returned 1
branch  6 taken 1 (fallthrough)
branch  7 taken 0 (throw)
        1:   39-block  1
call    8 returned 1
call    9 returned 1
branch 10 taken 1 (fallthrough)
branch 11 taken 0 (throw)
        1:   39-block  2
call   12 returned 1
branch 13 taken 1 (fallthrough)
branch 14 taken 0 (throw)
        1:   39-block  3
call   15 returned 1
call   16 returned 1
branch 17 taken 1 (fallthrough)
branch 18 taken 0 (throw)
        1:   39-block  4
call   19 returned 1
branch 20 taken 1 (fallthrough)
branch 21 taken 0 (throw)
        1:   39-block  5
call   22 returned 1
call   23 returned 1
call   24 returned 1
call   25 returned 1
call   26 returned 1
call   27 returned 1
call   28 returned 1
call   29 returned 1
call   30 returned 1
    $$$$$:   39-block  6
call   31 never executed
    $$$$$:   39-block  7
    $$$$$:   39-block  8
call   32 never executed
    $$$$$:   39-block  9
    $$$$$:   39-block 10
call   33 never executed
    $$$$$:   39-block 11
    $$$$$:   39-block 12
call   34 never executed
    $$$$$:   39-block 13
    $$$$$:   39-block 14
call   35 never executed
    $$$$$:   39-block 15
    $$$$$:   39-block 16
call   36 never executed
    $$$$$:   39-block 17
    $$$$$:   39-block 18
call   37 never executed
    $$$$$:   39-block 19
    $$$$$:   39-block 20
call   38 never executed
    $$$$$:   39-block 21
    $$$$$:   39-block 22
call   39 never executed
    $$$$$:   39-block 23
        -:   40:
       1*:   41:    assert(all.getAll()[1].getDenumire() == "denumire1");
call    0 returned 1
call    1 returned 1
call    2 returned 1
branch  3 taken 1 (fallthrough)
branch  4 taken 0 (throw)
        1:   41-block  0
call    5 returned 1
branch  6 taken 0 (fallthrough)
branch  7 taken 1
    %%%%%:   41-block  1
call    8 never executed
        1:   41-block  2
call    9 returned 1
       1*:   42:    assert(all.getAll()[1].getDestinatie() == "dest2");
call    0 returned 1
call    1 returned 1
call    2 returned 1
branch  3 taken 1 (fallthrough)
branch  4 taken 0 (throw)
        1:   42-block  0
call    5 returned 1
branch  6 taken 0 (fallthrough)
branch  7 taken 1
    %%%%%:   42-block  1
call    8 never executed
        1:   42-block  2
call    9 returned 1
       1*:   43:    assert(all.getAll()[1].getTip() == "tip2");
call    0 returned 1
call    1 returned 1
call    2 returned 1
branch  3 taken 1 (fallthrough)
branch  4 taken 0 (throw)
        1:   43-block  0
call    5 returned 1
branch  6 taken 0 (fallthrough)
branch  7 taken 1
    %%%%%:   43-block  1
call    8 never executed
        1:   43-block  2
call    9 returned 1
       1*:   44:    assert(all.getAll()[1].getPret() == 100);
call    0 returned 1
call    1 returned 1
call    2 returned 1
branch  3 taken 0 (fallthrough)
branch  4 taken 1
    %%%%%:   44-block  0
call    5 never executed
        -:   45:    try {
      10*:   46:        all.modOferta("denumire2", Oferta("denumire2", "dest2", "tip2", 100)); assert(false);
        1:   46-block  0
call    0 returned 1
call    1 returned 1
branch  2 taken 1 (fallthrough)
branch  3 taken 0 (throw)
        1:   46-block  1
call    4 returned 1
call    5 returned 1
branch  6 taken 1 (fallthrough)
branch  7 taken 0 (throw)
        1:   46-block  2
call    8 returned 1
call    9 returned 1
branch 10 taken 1 (fallthrough)
branch 11 taken 0 (throw)
        1:   46-block  3
call   12 returned 1
branch 13 taken 1 (fallthrough)
branch 14 taken 0 (throw)
        1:   46-block  4
call   15 returned 1
call   16 returned 1
branch 17 taken 1 (fallthrough)
branch 18 taken 0 (throw)
        1:   46-block  5
call   19 returned 1
branch 20 taken 0 (fallthrough)
branch 21 taken 1 (throw)
    %%%%%:   46-block  6
call   22 never executed
call   23 never executed
call   24 never executed
call   25 never executed
call   26 never executed
call   27 never executed
call   28 never executed
call   29 never executed
call   30 never executed
call   31 never executed
        1:   46-block  7
call   32 returned 1
        1:   46-block  8
        1:   46-block  9
call   33 returned 1
        1:   46-block 10
        1:   46-block 11
call   34 returned 1
        1:   46-block 12
        1:   46-block 13
call   35 returned 1
        1:   46-block 14
        1:   46-block 15
call   36 returned 1
        1:   46-block 16
        1:   46-block 17
call   37 returned 1
        1:   46-block 18
        1:   46-block 19
call   38 returned 1
        1:   46-block 20
        1:   46-block 21
call   39 returned 1
        1:   46-block 22
        1:   46-block 23
call   40 returned 1
        1:   46-block 24
        -:   47:    }
        1:   48:    catch (OfertaRepoException e) {
        1:   48-block  0
branch  0 taken 0 (fallthrough)
branch  1 taken 1
        1:   48-block  1
call    2 returned 1
call    3 returned 1
        -:   49:        assert(true);
        1:   50:    }
call    0 returned 1
call    1 returned 1
        1:   51:}
call    0 returned 1
    $$$$$:   51-block  0
call    1 never executed
        -:   52:
function _Z11testAllRepov called 1 returned 100% blocks executed 100%
        1:   53:void testAllRepo(){
        1:   54:    testAddOfertaRepo();
        1:   54-block  0
call    0 returned 1
        1:   55:    testPopOfertaRepo();
call    0 returned 1
        1:   56:    testModOfertaRepo();
call    0 returned 1
        1:   57:}
