        -:    0:Source:/mnt/d/OOP_laboratoare/Lab-8-9/ServiceTeste.cpp
        -:    0:Graph:/mnt/d/OOP_laboratoare/Lab-8-9/cmake-build-debug-coverage/CMakeFiles/Lab_8_9.dir/ServiceTeste.cpp.gcno
        -:    0:Data:/mnt/d/OOP_laboratoare/Lab-8-9/cmake-build-debug-coverage/CMakeFiles/Lab_8_9.dir/ServiceTeste.cpp.gcda
        -:    0:Runs:1
        -:    1:#include "ServiceTeste.h"
        -:    2:#include "validator.h"
        -:    3:
function _Z20testAddOfertaServicev called 1 returned 100% blocks executed 53%
        1:    4:void testAddOfertaService() {
        1:    5:    OfertaRepo all;
        1:    5-block  0
call    0 returned 1
        -:    6:    OfertaValidator val;
        1:    7:    Agentie ctr(all, val);
call    0 returned 1
        -:    8:
        1:    9:    ctr.addOferta("denumire0", "dest0", "tip0", 100);
call    0 returned 1
call    1 returned 1
branch  2 taken 1 (fallthrough)
branch  3 taken 0 (throw)
        1:    9-block  0
call    4 returned 1
call    5 returned 1
branch  6 taken 1 (fallthrough)
branch  7 taken 0 (throw)
        1:    9-block  1
call    8 returned 1
call    9 returned 1
branch 10 taken 1 (fallthrough)
branch 11 taken 0 (throw)
        1:    9-block  2
call   12 returned 1
branch 13 taken 1 (fallthrough)
branch 14 taken 0 (throw)
        1:    9-block  3
call   15 returned 1
call   16 returned 1
call   17 returned 1
call   18 returned 1
call   19 returned 1
call   20 returned 1
    $$$$$:    9-block  4
call   21 never executed
    $$$$$:    9-block  5
    $$$$$:    9-block  6
call   22 never executed
    $$$$$:    9-block  7
    $$$$$:    9-block  8
call   23 never executed
    $$$$$:    9-block  9
    $$$$$:    9-block 10
call   24 never executed
    $$$$$:    9-block 11
    $$$$$:    9-block 12
call   25 never executed
    $$$$$:    9-block 13
    $$$$$:    9-block 14
call   26 never executed
    $$$$$:    9-block 15
       1*:   10:    assert(ctr.getAll()[0].getDenumire() == "denumire0");
call    0 returned 1
call    1 returned 1
call    2 returned 1
branch  3 taken 1 (fallthrough)
branch  4 taken 0 (throw)
        1:   10-block  0
call    5 returned 1
branch  6 taken 0 (fallthrough)
branch  7 taken 1
    %%%%%:   10-block  1
call    8 never executed
        1:   10-block  2
call    9 returned 1
        1:   11:}
call    0 returned 1
    $$$$$:   11-block  0
call    1 never executed
        -:   12:
function _Z20testPopOfertaServicev called 1 returned 100% blocks executed 49%
        1:   13:void testPopOfertaService() {
        1:   14:    OfertaRepo all;
        1:   14-block  0
call    0 returned 1
        -:   15:    OfertaValidator val;
        1:   16:    Agentie ctr(all,val);
call    0 returned 1
        -:   17:
        1:   18:    ctr.addOferta( "denumire0", "dest0", "tip0", 100);
call    0 returned 1
call    1 returned 1
branch  2 taken 1 (fallthrough)
branch  3 taken 0 (throw)
        1:   18-block  0
call    4 returned 1
call    5 returned 1
branch  6 taken 1 (fallthrough)
branch  7 taken 0 (throw)
        1:   18-block  1
call    8 returned 1
call    9 returned 1
branch 10 taken 1 (fallthrough)
branch 11 taken 0 (throw)
        1:   18-block  2
call   12 returned 1
branch 13 taken 1 (fallthrough)
branch 14 taken 0 (throw)
        1:   18-block  3
call   15 returned 1
call   16 returned 1
call   17 returned 1
call   18 returned 1
call   19 returned 1
call   20 returned 1
    $$$$$:   18-block  4
call   21 never executed
    $$$$$:   18-block  5
    $$$$$:   18-block  6
call   22 never executed
    $$$$$:   18-block  7
    $$$$$:   18-block  8
call   23 never executed
    $$$$$:   18-block  9
    $$$$$:   18-block 10
call   24 never executed
    $$$$$:   18-block 11
    $$$$$:   18-block 12
call   25 never executed
    $$$$$:   18-block 13
    $$$$$:   18-block 14
call   26 never executed
    $$$$$:   18-block 15
        1:   19:    ctr.popOferta("denumire0");
call    0 returned 1
call    1 returned 1
branch  2 taken 1 (fallthrough)
branch  3 taken 0 (throw)
        1:   19-block  0
call    4 returned 1
branch  5 taken 1 (fallthrough)
branch  6 taken 0 (throw)
        1:   19-block  1
call    7 returned 1
call    8 returned 1
    $$$$$:   19-block  2
call    9 never executed
    $$$$$:   19-block  3
    $$$$$:   19-block  4
call   10 never executed
    $$$$$:   19-block  5
       1*:   20:    assert(ctr.getAll().size() == 0);
call    0 returned 1
call    1 returned 1
branch  2 taken 0 (fallthrough)
branch  3 taken 1
    %%%%%:   20-block  0
call    4 never executed
        1:   21:}
        1:   21-block  0
call    0 returned 1
    $$$$$:   21-block  1
call    1 never executed
        -:   22:
function _Z20testModOfertaServicev called 1 returned 100% blocks executed 49%
        1:   23:void testModOfertaService() {
        1:   24:    OfertaRepo all;
        1:   24-block  0
call    0 returned 1
        -:   25:    OfertaValidator val;
        1:   26:    Agentie ctr(all,val);
call    0 returned 1
        -:   27:
        1:   28:    ctr.addOferta( "denumire0", "dest0", "tip0", 100);
call    0 returned 1
call    1 returned 1
branch  2 taken 1 (fallthrough)
branch  3 taken 0 (throw)
        1:   28-block  0
call    4 returned 1
call    5 returned 1
branch  6 taken 1 (fallthrough)
branch  7 taken 0 (throw)
        1:   28-block  1
call    8 returned 1
call    9 returned 1
branch 10 taken 1 (fallthrough)
branch 11 taken 0 (throw)
        1:   28-block  2
call   12 returned 1
branch 13 taken 1 (fallthrough)
branch 14 taken 0 (throw)
        1:   28-block  3
call   15 returned 1
call   16 returned 1
call   17 returned 1
call   18 returned 1
call   19 returned 1
call   20 returned 1
    $$$$$:   28-block  4
call   21 never executed
    $$$$$:   28-block  5
    $$$$$:   28-block  6
call   22 never executed
    $$$$$:   28-block  7
    $$$$$:   28-block  8
call   23 never executed
    $$$$$:   28-block  9
    $$$$$:   28-block 10
call   24 never executed
    $$$$$:   28-block 11
    $$$$$:   28-block 12
call   25 never executed
    $$$$$:   28-block 13
    $$$$$:   28-block 14
call   26 never executed
    $$$$$:   28-block 15
        1:   29:    ctr.modOferta("denumire0", "dest1", "tip1", 100);
call    0 returned 1
call    1 returned 1
branch  2 taken 1 (fallthrough)
branch  3 taken 0 (throw)
        1:   29-block  0
call    4 returned 1
call    5 returned 1
branch  6 taken 1 (fallthrough)
branch  7 taken 0 (throw)
        1:   29-block  1
call    8 returned 1
call    9 returned 1
branch 10 taken 1 (fallthrough)
branch 11 taken 0 (throw)
        1:   29-block  2
call   12 returned 1
branch 13 taken 1 (fallthrough)
branch 14 taken 0 (throw)
        1:   29-block  3
call   15 returned 1
call   16 returned 1
call   17 returned 1
call   18 returned 1
call   19 returned 1
call   20 returned 1
    $$$$$:   29-block  4
call   21 never executed
    $$$$$:   29-block  5
    $$$$$:   29-block  6
call   22 never executed
    $$$$$:   29-block  7
    $$$$$:   29-block  8
call   23 never executed
    $$$$$:   29-block  9
    $$$$$:   29-block 10
call   24 never executed
    $$$$$:   29-block 11
    $$$$$:   29-block 12
call   25 never executed
    $$$$$:   29-block 13
    $$$$$:   29-block 14
call   26 never executed
    $$$$$:   29-block 15
       1*:   30:    assert(ctr.getAll()[0].getDestinatie() == "dest1");
call    0 returned 1
call    1 returned 1
call    2 returned 1
branch  3 taken 1 (fallthrough)
branch  4 taken 0 (throw)
        1:   30-block  0
call    5 returned 1
branch  6 taken 0 (fallthrough)
branch  7 taken 1
    %%%%%:   30-block  1
call    8 never executed
        1:   30-block  2
call    9 returned 1
        1:   31:}
call    0 returned 1
    $$$$$:   31-block  0
call    1 never executed
        -:   32:
function _Z21testSortOfertaServicev called 1 returned 100% blocks executed 54%
        1:   33:void testSortOfertaService() {
        1:   34:    OfertaRepo all;
        1:   34-block  0
call    0 returned 1
        -:   35:    OfertaValidator val;
        1:   36:    Agentie ctr(all,val);
call    0 returned 1
        1:   37:    vector<Oferta> oSortedList;
call    0 returned 1
        -:   38:
        1:   39:    ctr.addOferta( "denumire3", "dest2", "tip0", 100);
call    0 returned 1
call    1 returned 1
branch  2 taken 1 (fallthrough)
branch  3 taken 0 (throw)
        1:   39-block  0
call    4 returned 1
call    5 returned 1
branch  6 taken 1 (fallthrough)
branch  7 taken 0 (throw)
        1:   39-block  1
call    8 returned 1
call    9 returned 1
branch 10 taken 1 (fallthrough)
branch 11 taken 0 (throw)
        1:   39-block  2
call   12 returned 1
branch 13 taken 1 (fallthrough)
branch 14 taken 0 (throw)
        1:   39-block  3
call   15 returned 1
call   16 returned 1
call   17 returned 1
call   18 returned 1
call   19 returned 1
call   20 returned 1
    $$$$$:   39-block  4
call   21 never executed
    $$$$$:   39-block  5
    $$$$$:   39-block  6
call   22 never executed
    $$$$$:   39-block  7
    $$$$$:   39-block  8
call   23 never executed
    $$$$$:   39-block  9
    $$$$$:   39-block 10
call   24 never executed
    $$$$$:   39-block 11
    $$$$$:   39-block 12
call   25 never executed
    $$$$$:   39-block 13
    $$$$$:   39-block 14
call   26 never executed
    $$$$$:   39-block 15
        1:   40:    ctr.addOferta( "denumire2", "dest0", "tip1", 200);
call    0 returned 1
call    1 returned 1
branch  2 taken 1 (fallthrough)
branch  3 taken 0 (throw)
        1:   40-block  0
call    4 returned 1
call    5 returned 1
branch  6 taken 1 (fallthrough)
branch  7 taken 0 (throw)
        1:   40-block  1
call    8 returned 1
call    9 returned 1
branch 10 taken 1 (fallthrough)
branch 11 taken 0 (throw)
        1:   40-block  2
call   12 returned 1
branch 13 taken 1 (fallthrough)
branch 14 taken 0 (throw)
        1:   40-block  3
call   15 returned 1
call   16 returned 1
call   17 returned 1
call   18 returned 1
call   19 returned 1
call   20 returned 1
    $$$$$:   40-block  4
call   21 never executed
    $$$$$:   40-block  5
    $$$$$:   40-block  6
call   22 never executed
    $$$$$:   40-block  7
    $$$$$:   40-block  8
call   23 never executed
    $$$$$:   40-block  9
    $$$$$:   40-block 10
call   24 never executed
    $$$$$:   40-block 11
    $$$$$:   40-block 12
call   25 never executed
    $$$$$:   40-block 13
    $$$$$:   40-block 14
call   26 never executed
    $$$$$:   40-block 15
        1:   41:    ctr.addOferta( "denumire1", "dest1", "tip2", 200);
call    0 returned 1
call    1 returned 1
branch  2 taken 1 (fallthrough)
branch  3 taken 0 (throw)
        1:   41-block  0
call    4 returned 1
call    5 returned 1
branch  6 taken 1 (fallthrough)
branch  7 taken 0 (throw)
        1:   41-block  1
call    8 returned 1
call    9 returned 1
branch 10 taken 1 (fallthrough)
branch 11 taken 0 (throw)
        1:   41-block  2
call   12 returned 1
branch 13 taken 1 (fallthrough)
branch 14 taken 0 (throw)
        1:   41-block  3
call   15 returned 1
call   16 returned 1
call   17 returned 1
call   18 returned 1
call   19 returned 1
call   20 returned 1
    $$$$$:   41-block  4
call   21 never executed
    $$$$$:   41-block  5
    $$$$$:   41-block  6
call   22 never executed
    $$$$$:   41-block  7
    $$$$$:   41-block  8
call   23 never executed
    $$$$$:   41-block  9
    $$$$$:   41-block 10
call   24 never executed
    $$$$$:   41-block 11
    $$$$$:   41-block 12
call   25 never executed
    $$$$$:   41-block 13
    $$$$$:   41-block 14
call   26 never executed
    $$$$$:   41-block 15
        1:   42:    ctr.addOferta( "denumire0", "dest3", "tip2", 500);
call    0 returned 1
call    1 returned 1
branch  2 taken 1 (fallthrough)
branch  3 taken 0 (throw)
        1:   42-block  0
call    4 returned 1
call    5 returned 1
branch  6 taken 1 (fallthrough)
branch  7 taken 0 (throw)
        1:   42-block  1
call    8 returned 1
call    9 returned 1
branch 10 taken 1 (fallthrough)
branch 11 taken 0 (throw)
        1:   42-block  2
call   12 returned 1
branch 13 taken 1 (fallthrough)
branch 14 taken 0 (throw)
        1:   42-block  3
call   15 returned 1
call   16 returned 1
call   17 returned 1
call   18 returned 1
call   19 returned 1
call   20 returned 1
    $$$$$:   42-block  4
call   21 never executed
    $$$$$:   42-block  5
    $$$$$:   42-block  6
call   22 never executed
    $$$$$:   42-block  7
    $$$$$:   42-block  8
call   23 never executed
    $$$$$:   42-block  9
    $$$$$:   42-block 10
call   24 never executed
    $$$$$:   42-block 11
    $$$$$:   42-block 12
call   25 never executed
    $$$$$:   42-block 13
    $$$$$:   42-block 14
call   26 never executed
    $$$$$:   42-block 15
        1:   43:    oSortedList = ctr.sortByDenumire();
call    0 returned 1
branch  1 taken 1 (fallthrough)
branch  2 taken 0 (throw)
        1:   43-block  0
call    3 returned 1
call    4 returned 1
       1*:   44:    assert(oSortedList[0].getDenumire() == "denumire0");
call    0 returned 1
call    1 returned 1
branch  2 taken 1 (fallthrough)
branch  3 taken 0 (throw)
        1:   44-block  0
call    4 returned 1
branch  5 taken 0 (fallthrough)
branch  6 taken 1
    %%%%%:   44-block  1
call    7 never executed
        1:   44-block  2
call    8 returned 1
       1*:   45:    assert(oSortedList[3].getDenumire() == "denumire3");
call    0 returned 1
call    1 returned 1
branch  2 taken 1 (fallthrough)
branch  3 taken 0 (throw)
        1:   45-block  0
call    4 returned 1
branch  5 taken 0 (fallthrough)
branch  6 taken 1
    %%%%%:   45-block  1
call    7 never executed
        1:   45-block  2
call    8 returned 1
        1:   46:    oSortedList = ctr.sortByDestinatie();
call    0 returned 1
branch  1 taken 1 (fallthrough)
branch  2 taken 0 (throw)
        1:   46-block  0
call    3 returned 1
call    4 returned 1
       1*:   47:    assert(oSortedList[0].getDenumire() == "denumire2");
call    0 returned 1
call    1 returned 1
branch  2 taken 1 (fallthrough)
branch  3 taken 0 (throw)
        1:   47-block  0
call    4 returned 1
branch  5 taken 0 (fallthrough)
branch  6 taken 1
    %%%%%:   47-block  1
call    7 never executed
        1:   47-block  2
call    8 returned 1
       1*:   48:    assert(oSortedList[3].getDenumire() == "denumire0");
call    0 returned 1
call    1 returned 1
branch  2 taken 1 (fallthrough)
branch  3 taken 0 (throw)
        1:   48-block  0
call    4 returned 1
branch  5 taken 0 (fallthrough)
branch  6 taken 1
    %%%%%:   48-block  1
call    7 never executed
        1:   48-block  2
call    8 returned 1
        1:   49:    oSortedList = ctr.sortByTipPret();
call    0 returned 1
branch  1 taken 1 (fallthrough)
branch  2 taken 0 (throw)
        1:   49-block  0
call    3 returned 1
call    4 returned 1
       1*:   50:    assert(oSortedList[0].getDenumire() == "denumire3");
call    0 returned 1
call    1 returned 1
branch  2 taken 1 (fallthrough)
branch  3 taken 0 (throw)
        1:   50-block  0
call    4 returned 1
branch  5 taken 0 (fallthrough)
branch  6 taken 1
    %%%%%:   50-block  1
call    7 never executed
        1:   50-block  2
call    8 returned 1
       1*:   51:    assert(oSortedList[3].getDenumire() == "denumire0");
call    0 returned 1
call    1 returned 1
branch  2 taken 1 (fallthrough)
branch  3 taken 0 (throw)
        1:   51-block  0
call    4 returned 1
branch  5 taken 0 (fallthrough)
branch  6 taken 1
    %%%%%:   51-block  1
call    7 never executed
        1:   51-block  2
call    8 returned 1
        1:   52:}
call    0 returned 1
call    1 returned 1
    $$$$$:   52-block  0
call    2 never executed
    $$$$$:   52-block  1
call    3 never executed
        -:   53:
function _Z23testFilterOfertaServicev called 1 returned 100% blocks executed 45%
        1:   54:void testFilterOfertaService() {
        1:   55:    OfertaRepo all;
        1:   55-block  0
call    0 returned 1
        -:   56:    OfertaValidator val;
        1:   57:    Agentie ctr(all, val);
call    0 returned 1
        -:   58:
        1:   59:    ctr.addOferta( "denumire3", "dest0", "tip0", 100);
call    0 returned 1
call    1 returned 1
branch  2 taken 1 (fallthrough)
branch  3 taken 0 (throw)
        1:   59-block  0
call    4 returned 1
call    5 returned 1
branch  6 taken 1 (fallthrough)
branch  7 taken 0 (throw)
        1:   59-block  1
call    8 returned 1
call    9 returned 1
branch 10 taken 1 (fallthrough)
branch 11 taken 0 (throw)
        1:   59-block  2
call   12 returned 1
branch 13 taken 1 (fallthrough)
branch 14 taken 0 (throw)
        1:   59-block  3
call   15 returned 1
call   16 returned 1
call   17 returned 1
call   18 returned 1
call   19 returned 1
call   20 returned 1
    $$$$$:   59-block  4
call   21 never executed
    $$$$$:   59-block  5
    $$$$$:   59-block  6
call   22 never executed
    $$$$$:   59-block  7
    $$$$$:   59-block  8
call   23 never executed
    $$$$$:   59-block  9
    $$$$$:   59-block 10
call   24 never executed
    $$$$$:   59-block 11
    $$$$$:   59-block 12
call   25 never executed
    $$$$$:   59-block 13
    $$$$$:   59-block 14
call   26 never executed
    $$$$$:   59-block 15
        1:   60:    ctr.addOferta( "denumire2", "dest1", "tip1", 200);
call    0 returned 1
call    1 returned 1
branch  2 taken 1 (fallthrough)
branch  3 taken 0 (throw)
        1:   60-block  0
call    4 returned 1
call    5 returned 1
branch  6 taken 1 (fallthrough)
branch  7 taken 0 (throw)
        1:   60-block  1
call    8 returned 1
call    9 returned 1
branch 10 taken 1 (fallthrough)
branch 11 taken 0 (throw)
        1:   60-block  2
call   12 returned 1
branch 13 taken 1 (fallthrough)
branch 14 taken 0 (throw)
        1:   60-block  3
call   15 returned 1
call   16 returned 1
call   17 returned 1
call   18 returned 1
call   19 returned 1
call   20 returned 1
    $$$$$:   60-block  4
call   21 never executed
    $$$$$:   60-block  5
    $$$$$:   60-block  6
call   22 never executed
    $$$$$:   60-block  7
    $$$$$:   60-block  8
call   23 never executed
    $$$$$:   60-block  9
    $$$$$:   60-block 10
call   24 never executed
    $$$$$:   60-block 11
    $$$$$:   60-block 12
call   25 never executed
    $$$$$:   60-block 13
    $$$$$:   60-block 14
call   26 never executed
    $$$$$:   60-block 15
        1:   61:    ctr.addOferta( "denumire1", "dest1", "tip2", 150);
call    0 returned 1
call    1 returned 1
branch  2 taken 1 (fallthrough)
branch  3 taken 0 (throw)
        1:   61-block  0
call    4 returned 1
call    5 returned 1
branch  6 taken 1 (fallthrough)
branch  7 taken 0 (throw)
        1:   61-block  1
call    8 returned 1
call    9 returned 1
branch 10 taken 1 (fallthrough)
branch 11 taken 0 (throw)
        1:   61-block  2
call   12 returned 1
branch 13 taken 1 (fallthrough)
branch 14 taken 0 (throw)
        1:   61-block  3
call   15 returned 1
call   16 returned 1
call   17 returned 1
call   18 returned 1
call   19 returned 1
call   20 returned 1
    $$$$$:   61-block  4
call   21 never executed
    $$$$$:   61-block  5
    $$$$$:   61-block  6
call   22 never executed
    $$$$$:   61-block  7
    $$$$$:   61-block  8
call   23 never executed
    $$$$$:   61-block  9
    $$$$$:   61-block 10
call   24 never executed
    $$$$$:   61-block 11
    $$$$$:   61-block 12
call   25 never executed
    $$$$$:   61-block 13
    $$$$$:   61-block 14
call   26 never executed
    $$$$$:   61-block 15
        1:   62:    ctr.addOferta( "denumire0", "dest3", "tip3", 500);
call    0 returned 1
call    1 returned 1
branch  2 taken 1 (fallthrough)
branch  3 taken 0 (throw)
        1:   62-block  0
call    4 returned 1
call    5 returned 1
branch  6 taken 1 (fallthrough)
branch  7 taken 0 (throw)
        1:   62-block  1
call    8 returned 1
call    9 returned 1
branch 10 taken 1 (fallthrough)
branch 11 taken 0 (throw)
        1:   62-block  2
call   12 returned 1
branch 13 taken 1 (fallthrough)
branch 14 taken 0 (throw)
        1:   62-block  3
call   15 returned 1
call   16 returned 1
call   17 returned 1
call   18 returned 1
call   19 returned 1
call   20 returned 1
    $$$$$:   62-block  4
call   21 never executed
    $$$$$:   62-block  5
    $$$$$:   62-block  6
call   22 never executed
    $$$$$:   62-block  7
    $$$$$:   62-block  8
call   23 never executed
    $$$$$:   62-block  9
    $$$$$:   62-block 10
call   24 never executed
    $$$$$:   62-block 11
    $$$$$:   62-block 12
call   25 never executed
    $$$$$:   62-block 13
    $$$$$:   62-block 14
call   26 never executed
    $$$$$:   62-block 15
        2:   63:    vector<Oferta> oFilteredList = ctr.filtrareDestinatie("dest1");
call    0 returned 1
call    1 returned 1
branch  2 taken 1 (fallthrough)
branch  3 taken 0 (throw)
        1:   63-block  0
call    4 returned 1
branch  5 taken 1 (fallthrough)
branch  6 taken 0 (throw)
call    7 returned 1
    $$$$$:   63-block  1
    $$$$$:   63-block  2
       1*:   64:    assert(oFilteredList.size() == 2);
call    0 returned 1
branch  1 taken 0 (fallthrough)
branch  2 taken 1
    %%%%%:   64-block  0
call    3 never executed
        1:   65:    vector<Oferta> oFilteredList1 = ctr.filtrarePret(250);
        1:   65-block  0
call    0 returned 1
branch  1 taken 1 (fallthrough)
branch  2 taken 0 (throw)
       1*:   66:    assert(oFilteredList1.size() == 3);
        1:   66-block  0
call    0 returned 1
branch  1 taken 0 (fallthrough)
branch  2 taken 1
    %%%%%:   66-block  1
call    3 never executed
        1:   67:}
        1:   67-block  0
call    0 returned 1
call    1 returned 1
call    2 returned 1
    $$$$$:   67-block  1
call    3 never executed
    $$$$$:   67-block  2
call    4 never executed
        -:   68:
function _Z14testAllServicev called 1 returned 100% blocks executed 100%
        1:   69:void testAllService(){
        1:   70:    testAddOfertaService();
        1:   70-block  0
call    0 returned 1
        1:   71:    testPopOfertaService();
call    0 returned 1
        1:   72:    testModOfertaService();
call    0 returned 1
        1:   73:    testSortOfertaService();
call    0 returned 1
        1:   74:    testFilterOfertaService();
call    0 returned 1
        1:   75:}
