        -:    0:Source:/mnt/d/OOP_laboratoare/Lab-8-9/TesteValidator.cpp
        -:    0:Graph:/mnt/d/OOP_laboratoare/Lab-8-9/cmake-build-debug-coverage/CMakeFiles/Lab_8_9.dir/TesteValidator.cpp.gcno
        -:    0:Data:/mnt/d/OOP_laboratoare/Lab-8-9/cmake-build-debug-coverage/CMakeFiles/Lab_8_9.dir/TesteValidator.cpp.gcda
        -:    0:Runs:1
        -:    1:#include "TesteValidator.h"
        -:    2:
function _Z13testValidatorv called 1 returned 100% blocks executed 51%
        1:    3:void testValidator() {
        -:    4:    OfertaValidator v;
        2:    5:    Oferta o{"", "","",-1 };
        1:    5-block  0
call    0 returned 1
call    1 returned 1
branch  2 taken 1 (fallthrough)
branch  3 taken 0 (throw)
        1:    5-block  1
call    4 returned 1
call    5 returned 1
branch  6 taken 1 (fallthrough)
branch  7 taken 0 (throw)
        1:    5-block  2
call    8 returned 1
call    9 returned 1
branch 10 taken 1 (fallthrough)
branch 11 taken 0 (throw)
        1:    5-block  3
call   12 returned 1
branch 13 taken 1 (fallthrough)
branch 14 taken 0 (throw)
call   15 returned 1
call   16 returned 1
call   17 returned 1
call   18 returned 1
call   19 returned 1
    $$$$$:    5-block  4
    $$$$$:    5-block  5
    $$$$$:    5-block  6
    $$$$$:    5-block  7
    $$$$$:    5-block  8
    $$$$$:    5-block  9
        -:    6:    try {
        1:    7:        v.validateOferta(o);
call    0 returned 1
branch  1 taken 0 (fallthrough)
branch  2 taken 1 (throw)
        -:    8:    }
        1:    9:    catch (const ValidateException & ex) {
        1:    9-block  0
branch  0 taken 0 (fallthrough)
branch  1 taken 1
        1:    9-block  1
call    2 returned 1
        1:   10:        std::stringstream sout;
call    0 returned 1
branch  1 taken 1 (fallthrough)
branch  2 taken 0 (throw)
        1:   11:        sout << ex;
        1:   11-block  0
call    0 returned 1
branch  1 taken 1 (fallthrough)
branch  2 taken 0 (throw)
        1:   12:        auto mesaj = sout.str();
        1:   12-block  0
call    0 returned 1
branch  1 taken 1 (fallthrough)
branch  2 taken 0 (throw)
        1:   13:        assert(mesaj.find("negativ") >= 0);
        1:   13-block  0
call    0 returned 1
        1:   14:        assert(mesaj.find("vid") >= 0);
call    0 returned 1
        1:   15:    }
call    0 returned 1
call    1 returned 1
call    2 returned 1
branch  3 taken 1 (fallthrough)
branch  4 taken 0 (throw)
    $$$$$:   15-block  0
call    5 never executed
    $$$$$:   15-block  1
call    6 never executed
        -:   16:
        1:   17:}
        1:   17-block  0
call    0 returned 1
    $$$$$:   17-block  1
call    1 never executed
