        -:    0:Source:D:/OOP_laboratoare/Lab_5/lab2/lab2/repository.c
        -:    0:Graph:D:\OOP_laboratoare\Lab_5\lab2\lab2\cmake-build-debug-coverage\CMakeFiles\lab2.dir\repository.c.gcno
        -:    0:Data:D:\OOP_laboratoare\Lab_5\lab2\lab2\cmake-build-debug-coverage\CMakeFiles\lab2.dir\repository.c.gcda
        -:    0:Runs:1
        -:    1:#include "repository.h"
        -:    2:
function repository_create called 7 returned 100% blocks executed 100%
        7:    3:Repository* repository_create(int (*eq)(void*, void*)){
        7:    4:    Repository* repository = malloc(sizeof(Repository));
        7:    5:    repository->capacity = 100;
        7:    6:    repository->length = 0;
        7:    7:    repository->elements = (void**) malloc(sizeof(void*) * repository->capacity);
      707:    8:    for(int i=0;i<repository->capacity;++i)
        7:    8-block  0
      707:    8-block  1
branch  0 taken 700
branch  1 taken 7 (fallthrough)
      700:    9:        repository->elements[i] = NULL;
      700:    9-block  0
        7:   10:    repository->elem_eq = eq;
        7:   11:    return repository;
        7:   11-block  0
        -:   12:}
        -:   13:
function repository_get_length called 36 returned 100% blocks executed 100%
       36:   14:int repository_get_length(Repository* repository){
       36:   15:    return repository->length;
       36:   15-block  0
        -:   16:}
function repository_get_capacity called 2 returned 100% blocks executed 100%
        2:   17:int repository_get_capacity(Repository* repository) {
        2:   18:    return repository->capacity;
        2:   18-block  0
        -:   19:}
function repository_get_element_at called 34 returned 100% blocks executed 100%
       34:   20:void* repository_get_element_at(Repository* repository, int index) {
       34:   21:    if(index>=0 && index<repository->length)
       34:   21-block  0
branch  0 taken 34 (fallthrough)
branch  1 taken 0
       34:   21-block  1
branch  2 taken 33 (fallthrough)
branch  3 taken 1
       33:   22:        return repository->elements[index];
       33:   22-block  0
        1:   23:    SET_ERROR(OUT_OF_RANGE);
        1:   23-block  0
call    0 returned 1
        1:   24:    return NULL;
        -:   25:}
        -:   26:
function repository_set_length called 3 returned 100% blocks executed 100%
        3:   27:void repository_set_length(Repository* repository, int length) {
        3:   28:    if(length>repository->capacity)
        3:   28-block  0
branch  0 taken 1 (fallthrough)
branch  1 taken 2
        1:   29:        repository_set_capacity(repository, length);
        1:   29-block  0
call    0 returned 1
        3:   30:    repository->length = length;
        3:   31:}
function repository_set_capacity called 2 returned 100% blocks executed 100%
        2:   32:void repository_set_capacity(Repository* repository, int capacity) {
        2:   33:    void** copy = malloc(sizeof(void*)*capacity);
      207:   34:    for(int i=0;i<repository->capacity;++i) {
        2:   34-block  0
      207:   34-block  1
branch  0 taken 205
branch  1 taken 2 (fallthrough)
      205:   35:        copy[i] = repository->elements[i];
      205:   35-block  0
        -:   36:    }
        2:   37:    free(repository->elements);
        2:   38:    repository->elements = copy;
        2:   39:    repository->capacity = capacity;
        2:   40:}
function repository_set_element_at called 2 returned 100% blocks executed 88%
        2:   41:void repository_set_element_at(Repository* repository, int index, void* value) {
        2:   42:    if(index<repository->length && index >=0) {
        2:   42-block  0
branch  0 taken 1 (fallthrough)
branch  1 taken 1
        1:   42-block  1
branch  2 taken 1 (fallthrough)
branch  3 taken 0
       1*:   43:        if(repository->elements[index] != NULL) free(repository->elements[index]);
        1:   43-block  0
branch  0 taken 0 (fallthrough)
branch  1 taken 1
    %%%%%:   43-block  1
        1:   44:        repository->elements[index] = value;
        1:   44-block  0
        -:   45:    }
        1:   46:    else SET_ERROR(OUT_OF_RANGE);
        1:   46-block  0
call    0 returned 1
        2:   47:}
        -:   48:
function repository_add called 8 returned 100% blocks executed 67%
        8:   49:void repository_add(Repository* repository, void* value){
       8*:   50:    if(repository->length > repository->capacity) repository_set_capacity(repository, repository->capacity *2);
        8:   50-block  0
branch  0 taken 0 (fallthrough)
branch  1 taken 8
    %%%%%:   50-block  1
call    2 never executed
        8:   51:    repository->elements[repository->length++] = value;
        8:   52:}
        -:   53:
function repository_index_of called 7 returned 100% blocks executed 100%
        7:   54:int repository_index_of(Repository* repository, void* value)
        -:   55:{
        7:   56:    int n = repository_get_length(repository);
        7:   56-block  0
call    0 returned 7
       12:   57:    for(int i=0;i<n;++i)
        5:   57-block  0
       12:   57-block  1
branch  0 taken 8
branch  1 taken 4 (fallthrough)
        8:   58:        if(repository->elem_eq(value, repository_get_element_at(repository, i)))
        8:   58-block  0
call    0 returned 8
call    1 returned 8
branch  2 taken 3 (fallthrough)
branch  3 taken 5
        3:   59:            return i;
        3:   59-block  0
        4:   60:    return NOT_FOUND;
        4:   60-block  0
        -:   61:}
        -:   62:
function repository_swap called 2 returned 100% blocks executed 86%
        2:   63:void repository_swap(Repository* repository, int index_i, int index_f)
        -:   64:{
        2:   65:    void* el1 = repository_get_element_at(repository, index_i);
        2:   65-block  0
call    0 returned 2
        2:   66:    void* el2 = repository_get_element_at(repository, index_f);
call    0 returned 2
       2*:   67:    if(el1 == NULL || el2 == NULL) return;
branch  0 taken 2 (fallthrough)
branch  1 taken 0
        2:   67-block  0
branch  2 taken 0 (fallthrough)
branch  3 taken 2
    %%%%%:   67-block  1
        2:   68:    repository->elements[index_f] = el1;
        2:   69:    repository->elements[index_i] = el2;
        2:   69-block  0
        -:   70:}
        -:   71:
function repository_sort called 2 returned 100% blocks executed 100%
        2:   72:void repository_sort(Repository* repository, int(*compare)(void*,void*,int), int reversed)
        -:   73:{
        2:   74:    int n = repository_get_length(repository);
        2:   74-block  0
call    0 returned 2
        4:   75:    for(int i=0;i<n-1;++i)
        2:   75-block  0
        4:   75-block  1
branch  0 taken 2
branch  1 taken 2 (fallthrough)
        4:   76:        for(int j=i+1;j<n;++j)
        2:   76-block  0
        2:   76-block  1
        4:   76-block  2
branch  0 taken 2
branch  1 taken 2 (fallthrough)
        -:   77:        {
        2:   78:            void* eli = repository_get_element_at(repository, i);
        2:   78-block  0
call    0 returned 2
        2:   79:            void* elj = repository_get_element_at(repository, j);
call    0 returned 2
        2:   80:            if(compare(eli, elj, reversed)==GREATER) // daca nu sunt in ordine
call    0 returned 2
branch  1 taken 1 (fallthrough)
branch  2 taken 1
        1:   81:                repository_swap(repository, i, j);
        1:   81-block  0
call    0 returned 1
        -:   82:        }
        2:   83:}
        -:   84:
function repository_filter called 2 returned 100% blocks executed 100%
        2:   85:Repository* repository_filter(Repository* repository, void* filter_data, int (*filter)(void*,void*)){
        2:   86:    int n = repository_get_length(repository);
        2:   86-block  0
call    0 returned 2
        2:   87:    Repository* filtered = repository_create(repository->elem_eq);
call    0 returned 2
        6:   88:    for(int i=0;i<n;++i)
        4:   88-block  0
        6:   88-block  1
branch  0 taken 4
branch  1 taken 2 (fallthrough)
        -:   89:    {
        4:   90:        void* elem = repository_get_element_at(repository, i);
        4:   90-block  0
call    0 returned 4
        4:   91:        if(filter(elem, filter_data))
call    0 returned 4
branch  1 taken 2 (fallthrough)
branch  2 taken 2
        2:   92:            repository_add(filtered, elem);
        2:   92-block  0
call    0 returned 2
        -:   93:    }
        2:   94:    return filtered;
        2:   94-block  0
        -:   95:}
        -:   96:
        -:   97:
function repository_delete called 6 returned 100% blocks executed 100%
        6:   98:void repository_delete(Repository* repository)
        -:   99:{
        6:  100:    free(repository->elements);
        6:  101:    free(repository);
        6:  102:}
