        -:    0:Source:D:/OOP_laboratoare/Lab_5/lab2/lab2/ui.c
        -:    0:Graph:D:\OOP_laboratoare\Lab_5\lab2\lab2\cmake-build-debug-coverage\CMakeFiles\lab2.dir\ui.c.gcno
        -:    0:Data:D:\OOP_laboratoare\Lab_5\lab2\lab2\cmake-build-debug-coverage\CMakeFiles\lab2.dir\ui.c.gcda
        -:    0:Runs:1
        -:    1:#include "ui.h"
        -:    2:
function medicament_print called 0 returned 0% blocks executed 0%
    #####:    3:void medicament_print(Medicament* medicament){
    #####:    4:    printf("Cod: %s\tNume: %s\tConcentratie: %0.2f\tCantitate: %d\n",
    %%%%%:    4-block  0
call    0 never executed
call    1 never executed
call    2 never executed
call    3 never executed
call    4 never executed
        -:    5:           medicament_get_cod(medicament),
        -:    6:           medicament_get_nume(medicament),
        -:    7:           medicament_get_concentratie(medicament),
        -:    8:           medicament_get_cantitate(medicament)
        -:    9:    );
    #####:   10:}
        -:   11:
function citire_conc called 0 returned 0% blocks executed 0%
    #####:   12:void citire_conc(double* nr)
        -:   13:{
        -:   14:    char* endptr;
        -:   15:    char sconc[10];
    #####:   16:    printf("Concentratie:");
    %%%%%:   16-block  0
call    0 never executed
    #####:   17:    scanf("%s", sconc);
call    0 never executed
    #####:   18:    *nr = strtod(sconc, &endptr);
call    0 never executed
    #####:   19:    if(IS_ERROR(ERANGE)) {
call    0 never executed
branch  1 never executed
branch  2 never executed
    #####:   20:        printf("Concentratie introdusa gresit!\n");
    %%%%%:   20-block  0
call    0 never executed
    #####:   21:        CLEAR_ERRORS;
call    0 never executed
    #####:   22:        *nr = EROARE_CONC;
        -:   23:    }
    #####:   24:}
        -:   25:
function medicament_scan called 0 returned 0% blocks executed 0%
    #####:   26:Medicament* medicament_scan(){
        -:   27:    char nume[LGMAX_NUME], cod[LGMAX_COD], scant[10], sconc[10];
        -:   28:    double conc;
    #####:   29:    int cant=0;
    #####:   30:    printf("Cod:");
    %%%%%:   30-block  0
call    0 never executed
    #####:   31:    scanf("%s", cod);
call    0 never executed
    #####:   32:    printf("Nume:");
call    0 never executed
    #####:   33:    scanf("%s", nume);
call    0 never executed
    #####:   34:    printf("Concentratie:");
call    0 never executed
    #####:   35:    scanf("%s", sconc);
call    0 never executed
    #####:   36:    printf("Cantitate:");
call    0 never executed
    #####:   37:    scanf("%s", scant);
call    0 never executed
        -:   38:    // convert strings to numeric
    #####:   39:    for(int i=0;sconc[i];++i)
    %%%%%:   39-block  0
    %%%%%:   39-block  1
branch  0 never executed
branch  1 never executed
    #####:   40:        if(!(isdigit(sconc[i]) || sconc[i]=='.')) {
    %%%%%:   40-block  0
branch  0 never executed
branch  1 never executed
    %%%%%:   40-block  1
branch  2 never executed
branch  3 never executed
    #####:   41:            printf("Concentratie introdusa gresit!\n");
    %%%%%:   41-block  0
call    0 never executed
    #####:   42:            return NULL;
        -:   43:        }
    #####:   44:    for(int i=0;scant[i];++i)
    %%%%%:   44-block  0
    %%%%%:   44-block  1
    %%%%%:   44-block  2
branch  0 never executed
branch  1 never executed
    #####:   45:        if(!isdigit(scant[i])){
    %%%%%:   45-block  0
branch  0 never executed
branch  1 never executed
    #####:   46:            printf("Cantitate introdusa gresit!\n");
    %%%%%:   46-block  0
call    0 never executed
    #####:   47:            return NULL;
        -:   48:        }
        -:   49:    char *endptr1, *endptr2;
    #####:   50:    conc = strtod(sconc, &endptr1);
    %%%%%:   50-block  0
call    0 never executed
    #####:   51:    if(IS_ERROR(ERANGE)) {
call    0 never executed
branch  1 never executed
branch  2 never executed
    #####:   52:        printf("Concentratie introdusa gresit!\n");
    %%%%%:   52-block  0
call    0 never executed
    #####:   53:        CLEAR_ERRORS;
call    0 never executed
    #####:   54:        return NULL;
        -:   55:    }
    #####:   56:    cant = strtol(scant, &endptr2, 10);
    %%%%%:   56-block  0
call    0 never executed
    #####:   57:    if(IS_ERROR(ERANGE)){
call    0 never executed
branch  1 never executed
branch  2 never executed
    #####:   58:        printf("Cantitate introdusa gresit!\n");
    %%%%%:   58-block  0
call    0 never executed
    #####:   59:        CLEAR_ERRORS;
call    0 never executed
    #####:   60:        return NULL;
        -:   61:    }
    #####:   62:    Medicament* rez = medicament_create(cod, nume, conc, cant);
    %%%%%:   62-block  0
call    0 never executed
    #####:   63:    return rez;
        -:   64:}
        -:   65:
function repo_print called 0 returned 0% blocks executed 0%
    #####:   66:void repo_print(Repository* repository)
        -:   67:{
    #####:   68:    int length = repository_get_length(repository);
    %%%%%:   68-block  0
call    0 never executed
    #####:   69:    for(int i=0; i<length;++i)
    %%%%%:   69-block  0
branch  0 never executed
branch  1 never executed
    #####:   70:        medicament_print(repository_get_element_at(repository, i));
    %%%%%:   70-block  0
call    0 never executed
call    1 never executed
    #####:   71:}
        -:   72:
function print_errs called 0 returned 0% blocks executed 0%
    #####:   73:void print_errs(int cod_eroare){
    #####:   74:    if(cod_eroare>=EROARE_CANT)
    %%%%%:   74-block  0
branch  0 never executed
branch  1 never executed
    #####:   75:        printf("Cantitatea introdusa gresit!\n"),
    %%%%%:   75-block  0
call    0 never executed
    #####:   76:        cod_eroare -= EROARE_CANT;
    #####:   77:    if(cod_eroare>=EROARE_CONC)
    %%%%%:   77-block  0
branch  0 never executed
branch  1 never executed
    #####:   78:        printf("Concentratie introdusa gresit!\n"),
    %%%%%:   78-block  0
call    0 never executed
    #####:   79:        cod_eroare -= EROARE_CONC;
    #####:   80:    if(cod_eroare>=EROARE_NUME)
    %%%%%:   80-block  0
branch  0 never executed
branch  1 never executed
    #####:   81:        printf("Nume introdus gresit!\n"),
    %%%%%:   81-block  0
call    0 never executed
    #####:   82:        cod_eroare -= EROARE_NUME;
    #####:   83:    if(cod_eroare>=EROARE_COD)
    %%%%%:   83-block  0
branch  0 never executed
branch  1 never executed
    #####:   84:        printf("Cod introdus gresit!\n"),
    %%%%%:   84-block  0
call    0 never executed
    #####:   85:        cod_eroare -= EROARE_COD;
    #####:   86:}
        -:   87:
function menu called 1 returned 0% blocks executed 16%
        1:   88:void menu(Service* service){
        1:   89:    start:
        1:   90:    printf("\tMeniu:\n\na) Adaugare de noi medicamente. Daca medicamentul este deja in stoc trebuie actualizat cantitatea\n"
        1:   90-block  0
call    0 returned 1
        -:   91:           "b) Actualizare medicamente (modificare nume, concentratie pentru un medicament din stoc)\n"
        -:   92:           "c) Stergerea intregului stoc dintr-un medicament dat\n"
        -:   93:           "d) Vizualizare medicamente din stoc, ordonat dupa nume, cantitate (crescator/descrescator)\n"
        -:   94:           "e) Vizualizare lista de medicamente filtrate dupa un criteriu (stoc/nume).\n"
        -:   95:           "i) Iesire din aplicatie\n\n");
        1:   96:    read:
        1:   97:    printf("Introduceti comanda:");
        1:   97-block  0
call    0 returned 1
        -:   98:    char cmd;
        1:   99:    scanf("%c", &cmd);
call    0 returned 0
    #####:  100:    cmd = tolower(cmd);
    #####:  101:    if(isblank(cmd) || cmd=='\n' || cmd == '\0' || cmd == ' ') goto read;
branch  0 never executed
branch  1 never executed
    %%%%%:  101-block  0
branch  2 never executed
branch  3 never executed
    %%%%%:  101-block  1
branch  4 never executed
branch  5 never executed
    %%%%%:  101-block  2
branch  6 never executed
branch  7 never executed
    %%%%%:  101-block  3
    #####:  102:    else if(cmd=='a') opt1(service);
    %%%%%:  102-block  0
branch  0 never executed
branch  1 never executed
    %%%%%:  102-block  1
call    2 never executed
    #####:  103:    else if(cmd=='b') opt2(service);
    %%%%%:  103-block  0
branch  0 never executed
branch  1 never executed
    %%%%%:  103-block  1
call    2 never executed
    #####:  104:    else if(cmd=='c') opt3(service);
    %%%%%:  104-block  0
branch  0 never executed
branch  1 never executed
    %%%%%:  104-block  1
call    2 never executed
    #####:  105:    else if(cmd=='d') opt4(service);
    %%%%%:  105-block  0
branch  0 never executed
branch  1 never executed
    %%%%%:  105-block  1
call    2 never executed
    #####:  106:    else if(cmd=='e') opt5(service);
    %%%%%:  106-block  0
branch  0 never executed
branch  1 never executed
    %%%%%:  106-block  1
call    2 never executed
    #####:  107:    else if(cmd=='i') goto end;
    %%%%%:  107-block  0
branch  0 never executed
branch  1 never executed
    %%%%%:  107-block  1
    #####:  108:    else printf("Comanda invalida!\n\n");
    %%%%%:  108-block  0
call    0 never executed
    #####:  109:    goto start;
    %%%%%:  109-block  0
    #####:  110:    end:
    #####:  111:    return;
    %%%%%:  111-block  0
        -:  112:}
function opt1 called 0 returned 0% blocks executed 0%
    #####:  113:void opt1(Service* service){
    #####:  114:    Medicament* medicament = medicament_scan();
    %%%%%:  114-block  0
call    0 never executed
    #####:  115:    if(medicament==NULL) return;
branch  0 never executed
branch  1 never executed
    %%%%%:  115-block  0
    #####:  116:    int result = service_add(service, medicament_get_cod(medicament), medicament_get_nume(medicament),
    %%%%%:  116-block  0
call    0 never executed
call    1 never executed
call    2 never executed
call    3 never executed
call    4 never executed
        -:  117:                             medicament_get_concentratie(medicament), medicament_get_cantitate(medicament));
    #####:  118:    medicament_delete(medicament);
call    0 never executed
    #####:  119:    if(result != SUCCESS)
branch  0 never executed
branch  1 never executed
    #####:  120:        print_errs(result);
    %%%%%:  120-block  0
call    0 never executed
    #####:  121:    else printf("Operatie efectuata cu succes!\n");
    %%%%%:  121-block  0
call    0 never executed
        -:  122:
        -:  123:}
        -:  124:
function opt2 called 0 returned 0% blocks executed 0%
    #####:  125:void opt2(Service* service){
        -:  126:    char nume[LGMAX_NUME], nounume[LGMAX_NUME], cod[LGMAX_COD];
        -:  127:    double conc, nouaconc;
    #####:  128:    printf("Cod:");
    %%%%%:  128-block  0
call    0 never executed
    #####:  129:    scanf("%s", cod);
call    0 never executed
    #####:  130:    printf("Nume:");
call    0 never executed
    #####:  131:    scanf("%s", nume);
call    0 never executed
    #####:  132:    citire_conc(&conc);
call    0 never executed
    #####:  133:    if(conc == EROARE_CONC) return;
branch  0 never executed
branch  1 never executed
    %%%%%:  133-block  0
    %%%%%:  133-block  1
        -:  134:    // noi
    #####:  135:    printf("Nume nou:");
    %%%%%:  135-block  0
call    0 never executed
    #####:  136:    scanf("%s", nounume);
call    0 never executed
    #####:  137:    citire_conc(&nouaconc);
call    0 never executed
    #####:  138:    if(nouaconc == EROARE_CONC) return;
branch  0 never executed
branch  1 never executed
    %%%%%:  138-block  0
        -:  139:    // service
    #####:  140:    int result = service_modify(service, cod, nume, conc, nounume, nouaconc);
    %%%%%:  140-block  0
call    0 never executed
    #####:  141:    if(result == SUCCESS)
branch  0 never executed
branch  1 never executed
        -:  142:    {
    #####:  143:        printf("Operatie efectuata cu succes!\n");
    %%%%%:  143-block  0
call    0 never executed
    #####:  144:        return;
        -:  145:    }
    #####:  146:    if(result == NOT_FOUND)
    %%%%%:  146-block  0
branch  0 never executed
branch  1 never executed
        -:  147:    {
    #####:  148:        printf("Medicamentul nu a fost gasit!\n");
    %%%%%:  148-block  0
call    0 never executed
    #####:  149:        return;
        -:  150:    }
    #####:  151:    print_errs(result);
    %%%%%:  151-block  0
call    0 never executed
        -:  152:}
        -:  153:
function opt3 called 0 returned 0% blocks executed 0%
    #####:  154:void opt3(Service* service){
        -:  155:    char cod[LGMAX_COD];
    #####:  156:    printf("Cod:");
    %%%%%:  156-block  0
call    0 never executed
    #####:  157:    scanf("%s", cod);
call    0 never executed
    #####:  158:    int result = service_delete_cant(service, cod);
call    0 never executed
    #####:  159:    if(result == NOT_FOUND)
branch  0 never executed
branch  1 never executed
    #####:  160:        printf("Medicamentul nu a fost gasit!\n");
    %%%%%:  160-block  0
call    0 never executed
    #####:  161:    else printf("Operatie efectuata cu succes!\n");
    %%%%%:  161-block  0
call    0 never executed
    #####:  162:}
        -:  163:
function opt4 called 0 returned 0% blocks executed 0%
    #####:  164:void opt4(Service* service){
        -:  165:    char ordine[20];
    #####:  166:    printf("Introduceti ordinea:");
    %%%%%:  166-block  0
call    0 never executed
    #####:  167:    scanf("%s", ordine);
call    0 never executed
    #####:  168:    if(tolower(ordine[0])=='c') // crescator
branch  0 never executed
branch  1 never executed
    #####:  169:        repository_sort(service->repository, medicament_compare, NORMAL);
    %%%%%:  169-block  0
call    0 never executed
    #####:  170:    else if(tolower(ordine[0])=='d') // descrescator
    %%%%%:  170-block  0
branch  0 never executed
branch  1 never executed
    #####:  171:        repository_sort(service->repository, medicament_compare, REVERSED);
    %%%%%:  171-block  0
call    0 never executed
        -:  172:    else{
    #####:  173:        printf("Comanda invalida! Introduceti crescator sau descrescator!\n");
    %%%%%:  173-block  0
call    0 never executed
    #####:  174:        return;
        -:  175:    }
    #####:  176:    repo_print(service->repository);
    %%%%%:  176-block  0
call    0 never executed
        -:  177:}
        -:  178:
function opt5 called 0 returned 0% blocks executed 0%
    #####:  179:void opt5(Service* service){
        -:  180:    char sfiltru[20];
    #####:  181:    printf("Introduceti filtrul:");
    %%%%%:  181-block  0
call    0 never executed
    #####:  182:    scanf("%s", sfiltru);
call    0 never executed
    #####:  183:    if(tolower(sfiltru[0])=='c' || tolower(sfiltru[0]) == 's') // cantitate
branch  0 never executed
branch  1 never executed
    %%%%%:  183-block  0
branch  2 never executed
branch  3 never executed
        -:  184:    {
    #####:  185:        printf("Introduceti stocul maxim:");
    %%%%%:  185-block  0
call    0 never executed
        -:  186:        int stoc_max;
    #####:  187:        scanf("%d", &stoc_max);
call    0 never executed
    #####:  188:        Medicament* filtru = medicament_create_default();
call    0 never executed
    #####:  189:        medicament_set_cantitate(filtru, stoc_max);
call    0 never executed
    #####:  190:        Repository* filtrate = repository_filter(service->repository, filtru, filtru_cantitate);
call    0 never executed
    #####:  191:        repo_print(filtrate);
call    0 never executed
    #####:  192:        medicament_delete(filtru);
call    0 never executed
    #####:  193:        repository_delete(filtrate);
call    0 never executed
    #####:  194:        return;
        -:  195:    }
    #####:  196:    if(tolower(sfiltru[0])=='n') // nume
    %%%%%:  196-block  0
branch  0 never executed
branch  1 never executed
        -:  197:    {
    #####:  198:        printf("Introduceti caracterul cu care sa inceapa numele:");
    %%%%%:  198-block  0
call    0 never executed
    #####:  199:        char lit[]="%";
    #####:  200:        scanf(" %c", &lit[0]);
call    0 never executed
    #####:  201:        Medicament* filtru = medicament_create_default();
call    0 never executed
    #####:  202:        medicament_set_nume(filtru, lit);
call    0 never executed
    #####:  203:        Repository* filtrate = repository_filter(service->repository, filtru, filtru_nume);
call    0 never executed
    #####:  204:        repo_print(filtrate);
call    0 never executed
    #####:  205:        medicament_delete(filtru);
call    0 never executed
    #####:  206:        repository_delete(filtrate);
call    0 never executed
    #####:  207:        return;
        -:  208:    }
    #####:  209:    printf("Comanda invalida! Introduceti stoc sau nume!\n");
    %%%%%:  209-block  0
call    0 never executed
        -:  210:}
